<?xml version="1.0" encoding="UTF-8" ?>
<testsuite tests="3" failures="0" name="net.proselyte.springsecurityapp.Test1" time="0.324" errors="2" skipped="0">
  <properties>
[...]
</properties>
  <testcase classname="net.proselyte.springsecurityapp.Test1" name="t1" time="0.226"/>
  <testcase classname="net.proselyte.springsecurityapp.Test1" name="t2" time="0.06">
    <error message="Unable to find net.proselyte.springsecurityapp.model.Document with id 1" type="javax.persistence.EntityNotFoundException">javax.persistence.EntityNotFoundException: Unable to find net.proselyte.springsecurityapp.model.Document with id 1
	at org.hibernate.jpa.boot.internal.EntityManagerFactoryBuilderImpl$JpaEntityNotFoundDelegate.handleEntityNotFound(EntityManagerFactoryBuilderImpl.java:183)
	at org.hibernate.proxy.AbstractLazyInitializer.checkTargetState(AbstractLazyInitializer.java:262)
	at org.hibernate.proxy.AbstractLazyInitializer.initialize(AbstractLazyInitializer.java:176)
	at org.hibernate.proxy.AbstractLazyInitializer.getImplementation(AbstractLazyInitializer.java:286)
	at org.hibernate.proxy.pojo.javassist.JavassistLazyInitializer.invoke(JavassistLazyInitializer.java:185)
	at net.proselyte.springsecurityapp.model.Document_$$_jvstc37_2.getId(Document_$$_jvstc37_2.java)
	at net.proselyte.springsecurityapp.Test1.t2(Test1.java:125)
	at java.base/jdk.internal.reflect.NativeMethodAccessorImpl.invoke0(Native Method)
	at java.base/jdk.internal.reflect.NativeMethodAccessorImpl.invoke(NativeMethodAccessorImpl.java:62)
	at java.base/jdk.internal.reflect.DelegatingMethodAccessorImpl.invoke(DelegatingMethodAccessorImpl.java:43)
	at java.base/java.lang.reflect.Method.invoke(Method.java:564)
	at org.junit.runners.model.FrameworkMethod$1.runReflectiveCall(FrameworkMethod.java:50)
	at org.junit.internal.runners.model.ReflectiveCallable.run(ReflectiveCallable.java:12)
	at org.junit.runners.model.FrameworkMethod.invokeExplosively(FrameworkMethod.java:47)
	at org.junit.internal.runners.statements.InvokeMethod.evaluate(InvokeMethod.java:17)
	at org.junit.internal.runners.statements.RunBefores.evaluate(RunBefores.java:26)
	at org.springframework.test.context.junit4.statements.RunBeforeTestMethodCallbacks.evaluate(RunBeforeTestMethodCallbacks.java:75)
	at org.springframework.test.context.junit4.statements.RunAfterTestMethodCallbacks.evaluate(RunAfterTestMethodCallbacks.java:86)
	at org.springframework.test.context.junit4.statements.SpringRepeat.evaluate(SpringRepeat.java:84)
	at org.junit.runners.ParentRunner.runLeaf(ParentRunner.java:325)
	at org.springframework.test.context.junit4.SpringJUnit4ClassRunner.runChild(SpringJUnit4ClassRunner.java:254)
	at org.springframework.test.context.junit4.SpringJUnit4ClassRunner.runChild(SpringJUnit4ClassRunner.java:89)
	at org.junit.runners.ParentRunner$3.run(ParentRunner.java:290)
	at org.junit.runners.ParentRunner$1.schedule(ParentRunner.java:71)
	at org.junit.runners.ParentRunner.runChildren(ParentRunner.java:288)
	at org.junit.runners.ParentRunner.access$000(ParentRunner.java:58)
	at org.junit.runners.ParentRunner$2.evaluate(ParentRunner.java:268)
	at org.springframework.test.context.junit4.statements.RunBeforeTestClassCallbacks.evaluate(RunBeforeTestClassCallbacks.java:61)
	at org.springframework.test.context.junit4.statements.RunAfterTestClassCallbacks.evaluate(RunAfterTestClassCallbacks.java:70)
	at org.junit.runners.ParentRunner.run(ParentRunner.java:363)
	at org.springframework.test.context.junit4.SpringJUnit4ClassRunner.run(SpringJUnit4ClassRunner.java:193)
	at org.apache.maven.surefire.junit4.JUnit4Provider.execute(JUnit4Provider.java:252)
	at org.apache.maven.surefire.junit4.JUnit4Provider.executeTestSet(JUnit4Provider.java:141)
	at org.apache.maven.surefire.junit4.JUnit4Provider.invoke(JUnit4Provider.java:112)
	at java.base/jdk.internal.reflect.NativeMethodAccessorImpl.invoke0(Native Method)
	at java.base/jdk.internal.reflect.NativeMethodAccessorImpl.invoke(NativeMethodAccessorImpl.java:62)
	at java.base/jdk.internal.reflect.DelegatingMethodAccessorImpl.invoke(DelegatingMethodAccessorImpl.java:43)
	at java.base/java.lang.reflect.Method.invoke(Method.java:564)
	at org.apache.maven.surefire.util.ReflectionUtils.invokeMethodWithArray(ReflectionUtils.java:189)
	at org.apache.maven.surefire.booter.ProviderFactory$ProviderProxy.invoke(ProviderFactory.java:165)
	at org.apache.maven.surefire.booter.ProviderFactory.invokeProvider(ProviderFactory.java:85)
	at org.apache.maven.surefire.booter.ForkedBooter.runSuitesInProcess(ForkedBooter.java:115)
	at org.apache.maven.surefire.booter.ForkedBooter.main(ForkedBooter.java:75)
</error>
    <system-out>03:26:01.678 [main] INFO  o.s.t.c.t.TransactionContext#101 Began transaction (1) for test context [DefaultTestContext@48268eec testClass = Test1, testInstance = net.proselyte.springsecurityapp.Test1@65eb3597, testMethod = t2@Test1, testException = [null], mergedContextConfiguration = [WebMergedContextConfiguration@552cede7 testClass = Test1, locations = &apos;{}&apos;, classes = &apos;{class net.proselyte.springsecurityapp.config.jp, class net.proselyte.springsecurityapp.service.UserServiceC, class net.proselyte.springsecurityapp.service.DocumentServiceC, class net.proselyte.springsecurityapp.service.OrderServiceC}&apos;, contextInitializerClasses = &apos;[]&apos;, activeProfiles = &apos;{}&apos;, propertySourceLocations = &apos;{}&apos;, propertySourceProperties = &apos;{}&apos;, resourceBasePath = &apos;src/main/webapp&apos;, contextLoader = &apos;org.springframework.test.context.support.AnnotationConfigContextLoader&apos;, parent = [null]]]; transaction manager [org.springframework.orm.jpa.JpaTransactionManager@4bf80c29]; rollback [true]
Hibernate: insert into users (id, address, cookieId, email, fine, name, password, phone, status, surname) values (null, ?, ?, ?, ?, ?, ?, ?, ?, ?)
Hibernate: insert into users (id, address, cookieId, email, fine, name, password, phone, status, surname) values (null, ?, ?, ?, ?, ?, ?, ?, ?, ?)
Hibernate: insert into users (id, address, cookieId, email, fine, name, password, phone, status, surname) values (null, ?, ?, ?, ?, ?, ?, ?, ?, ?)
Hibernate: insert into users (id, address, cookieId, email, fine, name, password, phone, status, surname) values (null, ?, ?, ?, ?, ?, ?, ?, ?, ?)
Hibernate: insert into users (id, address, cookieId, email, fine, name, password, phone, status, surname) values (null, ?, ?, ?, ?, ?, ?, ?, ?, ?)
Hibernate: insert into documents (id, amount, author, description, edition, price, publisher, status, teg, title, type, year) values (null, ?, ?, ?, ?, ?, ?, ?, ?, ?, ?, ?)
Hibernate: insert into documents (id, amount, author, description, edition, price, publisher, status, teg, title, type, year) values (null, ?, ?, ?, ?, ?, ?, ?, ?, ?, ?, ?)
Hibernate: insert into documents (id, amount, author, description, edition, price, publisher, status, teg, title, type, year) values (null, ?, ?, ?, ?, ?, ?, ?, ?, ?, ?, ?)
Hibernate: select document0_.id as id1_0_, document0_.amount as amount2_0_, document0_.author as author3_0_, document0_.description as descript4_0_, document0_.edition as edition5_0_, document0_.price as price6_0_, document0_.publisher as publishe7_0_, document0_.status as status8_0_, document0_.teg as teg9_0_, document0_.title as title10_0_, document0_.type as type11_0_, document0_.year as year12_0_ from documents document0_
[Document{id=&apos;4&apos;, title=&apos;Introduction to Algorithms&apos;, author=&apos;Thomas H. Cormen, Charles E. Leiserson, Ronald L. Rivest and Clifford Stein&apos;, status=&apos;book&apos;, amount=3}
, Document{id=&apos;5&apos;, title=&apos;Design Patterns: Elements of Reusable Object-Oriented Software&apos;, author=&apos;Erich Gamma, Ralph Johnson, John Vlissides, Richard Helm&apos;, status=&apos;bestseller&apos;, amount=3}
, Document{id=&apos;6&apos;, title=&apos;Null References: The Billion Dollar Mistake&apos;, author=&apos;Tony Hoare&apos;, status=&apos;&apos;, amount=2}
]
Hibernate: select order0_.id as id1_1_, order0_.finishTime as finishTi2_1_, order0_.itemId as itemId3_1_, order0_.startTime as startTim4_1_, order0_.status as status5_1_, order0_.userId as userId6_1_ from orders order0_
[]
Hibernate: select user0_.id as id1_2_, user0_.address as address2_2_, user0_.cookieId as cookieId3_2_, user0_.email as email4_2_, user0_.fine as fine5_2_, user0_.name as name6_2_, user0_.password as password7_2_, user0_.phone as phone8_2_, user0_.status as status9_2_, user0_.surname as surname10_2_ from users user0_
[User{id=6, email=&apos;email1&apos;, password=&apos;pass&apos;, name=&apos;Sergey&apos;, surname=&apos;Afonso&apos;, cookieId=&apos;cookieId1&apos;, status=&apos;ta&apos;, fine=0, address=&apos;Via Margutta, 3&apos;, phone=&apos;30001&apos;}
, User{id=7, email=&apos;email2&apos;, password=&apos;pass&apos;, name=&apos;Nadia&apos;, surname=&apos;Teixeira&apos;, cookieId=&apos;cookieId2&apos;, status=&apos;ta&apos;, fine=0, address=&apos;Via Sacra, 13&apos;, phone=&apos;30002&apos;}
, User{id=8, email=&apos;email3&apos;, password=&apos;pass&apos;, name=&apos;Elvira&apos;, surname=&apos;Espindola&apos;, cookieId=&apos;cookieId3&apos;, status=&apos;ta&apos;, fine=0, address=&apos;Via del Corso, 22&apos;, phone=&apos;30003&apos;}
, User{id=9, email=&apos;emails&apos;, password=&apos;pass&apos;, name=&apos;Andrey&apos;, surname=&apos;Velo&apos;, cookieId=&apos;cookieIds&apos;, status=&apos;student&apos;, fine=0, address=&apos;Avenida Mazatlan 250&apos;, phone=&apos;30004&apos;}
, User{id=10, email=&apos;emailv&apos;, password=&apos;pass&apos;, name=&apos;Veronika&apos;, surname=&apos;Rama&apos;, cookieId=&apos;cookieIdv&apos;, status=&apos;visitingProfessor&apos;, fine=0, address=&apos;Stret Atocha, 27&apos;, phone=&apos;30005&apos;}
]
Hibernate: select document0_.id as id1_0_0_, document0_.amount as amount2_0_0_, document0_.author as author3_0_0_, document0_.description as descript4_0_0_, document0_.edition as edition5_0_0_, document0_.price as price6_0_0_, document0_.publisher as publishe7_0_0_, document0_.status as status8_0_0_, document0_.teg as teg9_0_0_, document0_.title as title10_0_0_, document0_.type as type11_0_0_, document0_.year as year12_0_0_ from documents document0_ where document0_.id=?
03:26:01.729 [main] INFO  o.s.t.c.t.TransactionContext#136 Rolled back transaction for test context [DefaultTestContext@48268eec testClass = Test1, testInstance = net.proselyte.springsecurityapp.Test1@65eb3597, testMethod = t2@Test1, testException = javax.persistence.EntityNotFoundException: Unable to find net.proselyte.springsecurityapp.model.Document with id 1, mergedContextConfiguration = [WebMergedContextConfiguration@552cede7 testClass = Test1, locations = &apos;{}&apos;, classes = &apos;{class net.proselyte.springsecurityapp.config.jp, class net.proselyte.springsecurityapp.service.UserServiceC, class net.proselyte.springsecurityapp.service.DocumentServiceC, class net.proselyte.springsecurityapp.service.OrderServiceC}&apos;, contextInitializerClasses = &apos;[]&apos;, activeProfiles = &apos;{}&apos;, propertySourceLocations = &apos;{}&apos;, propertySourceProperties = &apos;{}&apos;, resourceBasePath = &apos;src/main/webapp&apos;, contextLoader = &apos;org.springframework.test.context.support.AnnotationConfigContextLoader&apos;, parent = [null]]].
</system-out>
  </testcase>
  <testcase classname="net.proselyte.springsecurityapp.Test1" name="t3" time="0.038">
    <error message="Unable to find net.proselyte.springsecurityapp.model.Document with id 1" type="javax.persistence.EntityNotFoundException">javax.persistence.EntityNotFoundException: Unable to find net.proselyte.springsecurityapp.model.Document with id 1
	at org.hibernate.jpa.boot.internal.EntityManagerFactoryBuilderImpl$JpaEntityNotFoundDelegate.handleEntityNotFound(EntityManagerFactoryBuilderImpl.java:183)
	at org.hibernate.proxy.AbstractLazyInitializer.checkTargetState(AbstractLazyInitializer.java:262)
	at org.hibernate.proxy.AbstractLazyInitializer.initialize(AbstractLazyInitializer.java:176)
	at org.hibernate.proxy.AbstractLazyInitializer.getImplementation(AbstractLazyInitializer.java:286)
	at org.hibernate.proxy.pojo.javassist.JavassistLazyInitializer.invoke(JavassistLazyInitializer.java:185)
	at net.proselyte.springsecurityapp.model.Document_$$_jvstc37_2.getId(Document_$$_jvstc37_2.java)
	at net.proselyte.springsecurityapp.Test1.t3(Test1.java:155)
	at java.base/jdk.internal.reflect.NativeMethodAccessorImpl.invoke0(Native Method)
	at java.base/jdk.internal.reflect.NativeMethodAccessorImpl.invoke(NativeMethodAccessorImpl.java:62)
	at java.base/jdk.internal.reflect.DelegatingMethodAccessorImpl.invoke(DelegatingMethodAccessorImpl.java:43)
	at java.base/java.lang.reflect.Method.invoke(Method.java:564)
	at org.junit.runners.model.FrameworkMethod$1.runReflectiveCall(FrameworkMethod.java:50)
	at org.junit.internal.runners.model.ReflectiveCallable.run(ReflectiveCallable.java:12)
	at org.junit.runners.model.FrameworkMethod.invokeExplosively(FrameworkMethod.java:47)
	at org.junit.internal.runners.statements.InvokeMethod.evaluate(InvokeMethod.java:17)
	at org.junit.internal.runners.statements.RunBefores.evaluate(RunBefores.java:26)
	at org.springframework.test.context.junit4.statements.RunBeforeTestMethodCallbacks.evaluate(RunBeforeTestMethodCallbacks.java:75)
	at org.springframework.test.context.junit4.statements.RunAfterTestMethodCallbacks.evaluate(RunAfterTestMethodCallbacks.java:86)
	at org.springframework.test.context.junit4.statements.SpringRepeat.evaluate(SpringRepeat.java:84)
	at org.junit.runners.ParentRunner.runLeaf(ParentRunner.java:325)
	at org.springframework.test.context.junit4.SpringJUnit4ClassRunner.runChild(SpringJUnit4ClassRunner.java:254)
	at org.springframework.test.context.junit4.SpringJUnit4ClassRunner.runChild(SpringJUnit4ClassRunner.java:89)
	at org.junit.runners.ParentRunner$3.run(ParentRunner.java:290)
	at org.junit.runners.ParentRunner$1.schedule(ParentRunner.java:71)
	at org.junit.runners.ParentRunner.runChildren(ParentRunner.java:288)
	at org.junit.runners.ParentRunner.access$000(ParentRunner.java:58)
	at org.junit.runners.ParentRunner$2.evaluate(ParentRunner.java:268)
	at org.springframework.test.context.junit4.statements.RunBeforeTestClassCallbacks.evaluate(RunBeforeTestClassCallbacks.java:61)
	at org.springframework.test.context.junit4.statements.RunAfterTestClassCallbacks.evaluate(RunAfterTestClassCallbacks.java:70)
	at org.junit.runners.ParentRunner.run(ParentRunner.java:363)
	at org.springframework.test.context.junit4.SpringJUnit4ClassRunner.run(SpringJUnit4ClassRunner.java:193)
	at org.apache.maven.surefire.junit4.JUnit4Provider.execute(JUnit4Provider.java:252)
	at org.apache.maven.surefire.junit4.JUnit4Provider.executeTestSet(JUnit4Provider.java:141)
	at org.apache.maven.surefire.junit4.JUnit4Provider.invoke(JUnit4Provider.java:112)
	at java.base/jdk.internal.reflect.NativeMethodAccessorImpl.invoke0(Native Method)
	at java.base/jdk.internal.reflect.NativeMethodAccessorImpl.invoke(NativeMethodAccessorImpl.java:62)
	at java.base/jdk.internal.reflect.DelegatingMethodAccessorImpl.invoke(DelegatingMethodAccessorImpl.java:43)
	at java.base/java.lang.reflect.Method.invoke(Method.java:564)
	at org.apache.maven.surefire.util.ReflectionUtils.invokeMethodWithArray(ReflectionUtils.java:189)
	at org.apache.maven.surefire.booter.ProviderFactory$ProviderProxy.invoke(ProviderFactory.java:165)
	at org.apache.maven.surefire.booter.ProviderFactory.invokeProvider(ProviderFactory.java:85)
	at org.apache.maven.surefire.booter.ForkedBooter.runSuitesInProcess(ForkedBooter.java:115)
	at org.apache.maven.surefire.booter.ForkedBooter.main(ForkedBooter.java:75)
</error>
    <system-out>03:26:01.739 [main] INFO  o.s.t.c.t.TransactionContext#101 Began transaction (1) for test context [DefaultTestContext@48268eec testClass = Test1, testInstance = net.proselyte.springsecurityapp.Test1@582e9152, testMethod = t3@Test1, testException = [null], mergedContextConfiguration = [WebMergedContextConfiguration@552cede7 testClass = Test1, locations = &apos;{}&apos;, classes = &apos;{class net.proselyte.springsecurityapp.config.jp, class net.proselyte.springsecurityapp.service.UserServiceC, class net.proselyte.springsecurityapp.service.DocumentServiceC, class net.proselyte.springsecurityapp.service.OrderServiceC}&apos;, contextInitializerClasses = &apos;[]&apos;, activeProfiles = &apos;{}&apos;, propertySourceLocations = &apos;{}&apos;, propertySourceProperties = &apos;{}&apos;, resourceBasePath = &apos;src/main/webapp&apos;, contextLoader = &apos;org.springframework.test.context.support.AnnotationConfigContextLoader&apos;, parent = [null]]]; transaction manager [org.springframework.orm.jpa.JpaTransactionManager@4bf80c29]; rollback [true]
Hibernate: insert into users (id, address, cookieId, email, fine, name, password, phone, status, surname) values (null, ?, ?, ?, ?, ?, ?, ?, ?, ?)
Hibernate: insert into users (id, address, cookieId, email, fine, name, password, phone, status, surname) values (null, ?, ?, ?, ?, ?, ?, ?, ?, ?)
Hibernate: insert into users (id, address, cookieId, email, fine, name, password, phone, status, surname) values (null, ?, ?, ?, ?, ?, ?, ?, ?, ?)
Hibernate: insert into users (id, address, cookieId, email, fine, name, password, phone, status, surname) values (null, ?, ?, ?, ?, ?, ?, ?, ?, ?)
Hibernate: insert into users (id, address, cookieId, email, fine, name, password, phone, status, surname) values (null, ?, ?, ?, ?, ?, ?, ?, ?, ?)
Hibernate: insert into documents (id, amount, author, description, edition, price, publisher, status, teg, title, type, year) values (null, ?, ?, ?, ?, ?, ?, ?, ?, ?, ?, ?)
Hibernate: insert into documents (id, amount, author, description, edition, price, publisher, status, teg, title, type, year) values (null, ?, ?, ?, ?, ?, ?, ?, ?, ?, ?, ?)
Hibernate: insert into documents (id, amount, author, description, edition, price, publisher, status, teg, title, type, year) values (null, ?, ?, ?, ?, ?, ?, ?, ?, ?, ?, ?)
Hibernate: select document0_.id as id1_0_, document0_.amount as amount2_0_, document0_.author as author3_0_, document0_.description as descript4_0_, document0_.edition as edition5_0_, document0_.price as price6_0_, document0_.publisher as publishe7_0_, document0_.status as status8_0_, document0_.teg as teg9_0_, document0_.title as title10_0_, document0_.type as type11_0_, document0_.year as year12_0_ from documents document0_
[Document{id=&apos;7&apos;, title=&apos;Introduction to Algorithms&apos;, author=&apos;Thomas H. Cormen, Charles E. Leiserson, Ronald L. Rivest and Clifford Stein&apos;, status=&apos;book&apos;, amount=3}
, Document{id=&apos;8&apos;, title=&apos;Design Patterns: Elements of Reusable Object-Oriented Software&apos;, author=&apos;Erich Gamma, Ralph Johnson, John Vlissides, Richard Helm&apos;, status=&apos;bestseller&apos;, amount=3}
, Document{id=&apos;9&apos;, title=&apos;Null References: The Billion Dollar Mistake&apos;, author=&apos;Tony Hoare&apos;, status=&apos;&apos;, amount=2}
]
Hibernate: select order0_.id as id1_1_, order0_.finishTime as finishTi2_1_, order0_.itemId as itemId3_1_, order0_.startTime as startTim4_1_, order0_.status as status5_1_, order0_.userId as userId6_1_ from orders order0_
[]
Hibernate: select user0_.id as id1_2_, user0_.address as address2_2_, user0_.cookieId as cookieId3_2_, user0_.email as email4_2_, user0_.fine as fine5_2_, user0_.name as name6_2_, user0_.password as password7_2_, user0_.phone as phone8_2_, user0_.status as status9_2_, user0_.surname as surname10_2_ from users user0_
[User{id=11, email=&apos;email1&apos;, password=&apos;pass&apos;, name=&apos;Sergey&apos;, surname=&apos;Afonso&apos;, cookieId=&apos;cookieId1&apos;, status=&apos;ta&apos;, fine=0, address=&apos;Via Margutta, 3&apos;, phone=&apos;30001&apos;}
, User{id=12, email=&apos;email2&apos;, password=&apos;pass&apos;, name=&apos;Nadia&apos;, surname=&apos;Teixeira&apos;, cookieId=&apos;cookieId2&apos;, status=&apos;ta&apos;, fine=0, address=&apos;Via Sacra, 13&apos;, phone=&apos;30002&apos;}
, User{id=13, email=&apos;email3&apos;, password=&apos;pass&apos;, name=&apos;Elvira&apos;, surname=&apos;Espindola&apos;, cookieId=&apos;cookieId3&apos;, status=&apos;ta&apos;, fine=0, address=&apos;Via del Corso, 22&apos;, phone=&apos;30003&apos;}
, User{id=14, email=&apos;emails&apos;, password=&apos;pass&apos;, name=&apos;Andrey&apos;, surname=&apos;Velo&apos;, cookieId=&apos;cookieIds&apos;, status=&apos;student&apos;, fine=0, address=&apos;Avenida Mazatlan 250&apos;, phone=&apos;30004&apos;}
, User{id=15, email=&apos;emailv&apos;, password=&apos;pass&apos;, name=&apos;Veronika&apos;, surname=&apos;Rama&apos;, cookieId=&apos;cookieIdv&apos;, status=&apos;visitingProfessor&apos;, fine=0, address=&apos;Stret Atocha, 27&apos;, phone=&apos;30005&apos;}
]
Hibernate: select document0_.id as id1_0_0_, document0_.amount as amount2_0_0_, document0_.author as author3_0_0_, document0_.description as descript4_0_0_, document0_.edition as edition5_0_0_, document0_.price as price6_0_0_, document0_.publisher as publishe7_0_0_, document0_.status as status8_0_0_, document0_.teg as teg9_0_0_, document0_.title as title10_0_0_, document0_.type as type11_0_0_, document0_.year as year12_0_0_ from documents document0_ where document0_.id=?
03:26:01.776 [main] INFO  o.s.t.c.t.TransactionContext#136 Rolled back transaction for test context [DefaultTestContext@48268eec testClass = Test1, testInstance = net.proselyte.springsecurityapp.Test1@582e9152, testMethod = t3@Test1, testException = javax.persistence.EntityNotFoundException: Unable to find net.proselyte.springsecurityapp.model.Document with id 1, mergedContextConfiguration = [WebMergedContextConfiguration@552cede7 testClass = Test1, locations = &apos;{}&apos;, classes = &apos;{class net.proselyte.springsecurityapp.config.jp, class net.proselyte.springsecurityapp.service.UserServiceC, class net.proselyte.springsecurityapp.service.DocumentServiceC, class net.proselyte.springsecurityapp.service.OrderServiceC}&apos;, contextInitializerClasses = &apos;[]&apos;, activeProfiles = &apos;{}&apos;, propertySourceLocations = &apos;{}&apos;, propertySourceProperties = &apos;{}&apos;, resourceBasePath = &apos;src/main/webapp&apos;, contextLoader = &apos;org.springframework.test.context.support.AnnotationConfigContextLoader&apos;, parent = [null]]].
</system-out>
  </testcase>
</testsuite>